<?xml version="1.0" encoding="UTF-8"?>
<!-- Generated by org.testng.reporters.JUnitReportReporter -->
<testsuite hostname="DESKTOP-RACJBIU" failures="0" tests="5" name="com.sgtesting.dataprovider.firstbasic" time="73.295" errors="0" timestamp="2022-06-15T17:58:05 IST" skipped="0">
  <testcase classname="com.sgtesting.dataprovider.firstbasic" name="launchBrowser" time="37.918"/>
  <system-out/>
  <testcase classname="com.sgtesting.dataprovider.firstbasic" name="navigate" time="13.340"/>
  <system-out/>
  <testcase classname="com.sgtesting.dataprovider.firstbasic" name="login" time="20.022"/>
  <system-out/>
  <testcase classname="com.sgtesting.dataprovider.firstbasic" name="minimizeFlyOutWindow" time="0.136"/>
  <system-out/>
  <testcase classname="com.sgtesting.dataprovider.firstbasic" name="closeApplication" time="1.879"/>
  <system-out/>
</testsuite> <!-- com.sgtesting.dataprovider.firstbasic -->
